<?xml version="1.0" encoding="UTF-8"?>
<testsuite name="com.sfz.mungpy.MungpyApplicationTests" tests="1" skipped="0" failures="0" errors="0" timestamp="2024-08-05T16:20:22" hostname="KakaoCloudui-MacBookPro.local" time="0.235">
  <properties/>
  <testcase name="contextLoads()" classname="com.sfz.mungpy.MungpyApplicationTests" time="0.235"/>
  <system-out><![CDATA[01:20:21.523 [Test worker] INFO org.springframework.test.context.support.AnnotationConfigContextLoaderUtils -- Could not detect default configuration classes for test class [com.sfz.mungpy.MungpyApplicationTests]: MungpyApplicationTests does not declare any static, non-private, non-final, nested classes annotated with @Configuration.
01:20:21.552 [Test worker] INFO org.springframework.boot.test.context.SpringBootTestContextBootstrapper -- Found @SpringBootConfiguration com.sfz.mungpy.MungpyApplication for test class com.sfz.mungpy.MungpyApplicationTests

  .   ____          _            __ _ _
 /\\ / ___'_ __ _ _(_)_ __  __ _ \ \ \ \
( ( )\___ | '_ | '_| | '_ \/ _` | \ \ \ \
 \\/  ___)| |_)| | | | | || (_| |  ) ) ) )
  '  |____| .__|_| |_|_| |_\__, | / / / /
 =========|_|==============|___/=/_/_/_/

 :: Spring Boot ::                (v3.3.2)

2024-08-06T01:20:21.665+09:00  INFO 4936 --- [mungpy] [    Test worker] com.sfz.mungpy.MungpyApplicationTests    : Starting MungpyApplicationTests using Java 17.0.11 with PID 4936 (started by user in /Users/user/Desktop/SafeDog)
2024-08-06T01:20:21.666+09:00  INFO 4936 --- [mungpy] [    Test worker] com.sfz.mungpy.MungpyApplicationTests    : No active profile set, falling back to 1 default profile: "default"
2024-08-06T01:20:21.850+09:00  INFO 4936 --- [mungpy] [    Test worker] .s.d.r.c.RepositoryConfigurationDelegate : Bootstrapping Spring Data JPA repositories in DEFAULT mode.
2024-08-06T01:20:21.866+09:00  INFO 4936 --- [mungpy] [    Test worker] .s.d.r.c.RepositoryConfigurationDelegate : Finished Spring Data repository scanning in 13 ms. Found 1 JPA repository interface.
2024-08-06T01:20:21.989+09:00  INFO 4936 --- [mungpy] [    Test worker] com.zaxxer.hikari.HikariDataSource       : HikariPool-1 - Starting...
2024-08-06T01:20:22.123+09:00  INFO 4936 --- [mungpy] [    Test worker] com.zaxxer.hikari.pool.HikariPool        : HikariPool-1 - Added connection com.mysql.cj.jdbc.ConnectionImpl@69a5c6be
2024-08-06T01:20:22.124+09:00  INFO 4936 --- [mungpy] [    Test worker] com.zaxxer.hikari.HikariDataSource       : HikariPool-1 - Start completed.
2024-08-06T01:20:22.137+09:00  INFO 4936 --- [mungpy] [    Test worker] o.hibernate.jpa.internal.util.LogHelper  : HHH000204: Processing PersistenceUnitInfo [name: default]
2024-08-06T01:20:22.152+09:00  INFO 4936 --- [mungpy] [    Test worker] org.hibernate.Version                    : HHH000412: Hibernate ORM core version 6.5.2.Final
2024-08-06T01:20:22.161+09:00  INFO 4936 --- [mungpy] [    Test worker] o.h.c.internal.RegionFactoryInitiator    : HHH000026: Second-level cache disabled
2024-08-06T01:20:22.246+09:00  INFO 4936 --- [mungpy] [    Test worker] o.s.o.j.p.SpringPersistenceUnitInfo      : No LoadTimeWeaver setup: ignoring JPA class transformer
2024-08-06T01:20:22.513+09:00  INFO 4936 --- [mungpy] [    Test worker] o.h.e.t.j.p.i.JtaPlatformInitiator       : HHH000489: No JTA platform available (set 'hibernate.transaction.jta.platform' to enable JTA platform integration)
2024-08-06T01:20:22.514+09:00  INFO 4936 --- [mungpy] [    Test worker] j.LocalContainerEntityManagerFactoryBean : Initialized JPA EntityManagerFactory for persistence unit 'default'
2024-08-06T01:20:22.629+09:00  WARN 4936 --- [mungpy] [    Test worker] JpaBaseConfiguration$JpaWebConfiguration : spring.jpa.open-in-view is enabled by default. Therefore, database queries may be performed during view rendering. Explicitly configure spring.jpa.open-in-view to disable this warning
2024-08-06T01:20:22.752+09:00  INFO 4936 --- [mungpy] [    Test worker] com.sfz.mungpy.MungpyApplicationTests    : Started MungpyApplicationTests in 1.149 seconds (process running for 1.495)
]]></system-out>
  <system-err><![CDATA[]]></system-err>
</testsuite>
